{"/Users/jeremyplack/projects/OCI/rio/lambda-api/src/upload.js": {"path":"/Users/jeremyplack/projects/OCI/rio/lambda-api/src/upload.js","statementMap":{"0":{"start":{"line":4,"column":23},"end":{"line":60,"column":1}},"1":{"start":{"line":5,"column":17},"end":{"line":5,"column":35}},"2":{"start":{"line":6,"column":17},"end":{"line":6,"column":35}},"3":{"start":{"line":8,"column":18},"end":{"line":8,"column":38}},"4":{"start":{"line":10,"column":2},"end":{"line":13,"column":3}},"5":{"start":{"line":11,"column":17},"end":{"line":11,"column":35}},"6":{"start":{"line":12,"column":4},"end":{"line":12,"column":64}},"7":{"start":{"line":15,"column":13},"end":{"line":15,"column":59}},"8":{"start":{"line":18,"column":4},"end":{"line":20,"column":17}},"9":{"start":{"line":22,"column":2},"end":{"line":31,"column":3}},"10":{"start":{"line":23,"column":21},"end":{"line":28,"column":5}},"11":{"start":{"line":30,"column":4},"end":{"line":30,"column":29}},"12":{"start":{"line":33,"column":17},"end":{"line":37,"column":3}},"13":{"start":{"line":39,"column":2},"end":{"line":59,"column":3}},"14":{"start":{"line":40,"column":16},"end":{"line":40,"column":58}},"15":{"start":{"line":42,"column":21},"end":{"line":49,"column":5}},"16":{"start":{"line":51,"column":4},"end":{"line":51,"column":29}},"17":{"start":{"line":53,"column":21},"end":{"line":56,"column":5}},"18":{"start":{"line":58,"column":4},"end":{"line":58,"column":23}}},"fnMap":{"0":{"name":"(anonymous_0)","decl":{"start":{"line":4,"column":23},"end":{"line":4,"column":24}},"loc":{"start":{"line":4,"column":59},"end":{"line":60,"column":1}},"line":4}},"branchMap":{"0":{"loc":{"start":{"line":10,"column":2},"end":{"line":13,"column":3}},"type":"if","locations":[{"start":{"line":10,"column":2},"end":{"line":13,"column":3}},{"start":{"line":10,"column":2},"end":{"line":13,"column":3}}],"line":10},"1":{"loc":{"start":{"line":18,"column":4},"end":{"line":20,"column":17}},"type":"cond-expr","locations":[{"start":{"line":19,"column":8},"end":{"line":19,"column":43}},{"start":{"line":20,"column":8},"end":{"line":20,"column":17}}],"line":18},"2":{"loc":{"start":{"line":18,"column":4},"end":{"line":18,"column":56}},"type":"binary-expr","locations":[{"start":{"line":18,"column":4},"end":{"line":18,"column":17}},{"start":{"line":18,"column":21},"end":{"line":18,"column":56}}],"line":18},"3":{"loc":{"start":{"line":22,"column":2},"end":{"line":31,"column":3}},"type":"if","locations":[{"start":{"line":22,"column":2},"end":{"line":31,"column":3}},{"start":{"line":22,"column":2},"end":{"line":31,"column":3}}],"line":22}},"s":{"0":1,"1":4,"2":4,"3":4,"4":4,"5":1,"6":1,"7":4,"8":4,"9":4,"10":4,"11":4,"12":4,"13":4,"14":4,"15":4,"16":4,"17":0,"18":0},"f":{"0":4},"b":{"0":[1,3],"1":[0,4],"2":[4,2],"3":[4,0]},"_coverageSchema":"332fd63041d2c1bcb487cc26dd0d5f7d97098a6c","hash":"b9edeb20570b4207f52c739c7409c0d00a1b83b8"}
,"/Users/jeremyplack/projects/OCI/rio/lambda-api/src/lib/envVarsChecker.js": {"path":"/Users/jeremyplack/projects/OCI/rio/lambda-api/src/lib/envVarsChecker.js","statementMap":{"0":{"start":{"line":2,"column":19},"end":{"line":2,"column":39}},"1":{"start":{"line":3,"column":18},"end":{"line":3,"column":20}},"2":{"start":{"line":5,"column":2},"end":{"line":9,"column":5}},"3":{"start":{"line":6,"column":4},"end":{"line":8,"column":5}},"4":{"start":{"line":7,"column":6},"end":{"line":7,"column":27}},"5":{"start":{"line":11,"column":2},"end":{"line":11,"column":17}}},"fnMap":{"0":{"name":"(anonymous_0)","decl":{"start":{"line":1,"column":15},"end":{"line":1,"column":16}},"loc":{"start":{"line":1,"column":22},"end":{"line":12,"column":1}},"line":1},"1":{"name":"(anonymous_1)","decl":{"start":{"line":5,"column":19},"end":{"line":5,"column":20}},"loc":{"start":{"line":5,"column":29},"end":{"line":9,"column":3}},"line":5}},"branchMap":{"0":{"loc":{"start":{"line":6,"column":4},"end":{"line":8,"column":5}},"type":"if","locations":[{"start":{"line":6,"column":4},"end":{"line":8,"column":5}},{"start":{"line":6,"column":4},"end":{"line":8,"column":5}}],"line":6}},"s":{"0":7,"1":7,"2":7,"3":14,"4":6,"5":7},"f":{"0":7,"1":14},"b":{"0":[6,8]},"_coverageSchema":"332fd63041d2c1bcb487cc26dd0d5f7d97098a6c","hash":"c6411809b36b95671f69d2cd9aa024dcb57db638"}
}
