{"/Users/jeremyplack/projects/OCI/rio/lambda-api/src/handler.js": {"path":"/Users/jeremyplack/projects/OCI/rio/lambda-api/src/handler.js","statementMap":{"0":{"start":{"line":1,"column":14},"end":{"line":14,"column":1}},"1":{"start":{"line":2,"column":19},"end":{"line":8,"column":3}},"2":{"start":{"line":10,"column":2},"end":{"line":10,"column":27}}},"fnMap":{"0":{"name":"(anonymous_0)","decl":{"start":{"line":1,"column":14},"end":{"line":1,"column":15}},"loc":{"start":{"line":1,"column":44},"end":{"line":14,"column":1}},"line":1}},"branchMap":{},"s":{"0":1,"1":1,"2":1},"f":{"0":1},"b":{},"_coverageSchema":"332fd63041d2c1bcb487cc26dd0d5f7d97098a6c","hash":"806cbf6fce4e9179d9ffcd42cc8ec8b09d00c19f"}
}
