TN:
SF:/Users/jeremyplack/projects/OCI/rio/lambda-api/src/upload.js
FN:4,(anonymous_0)
FNF:1
FNH:1
FNDA:4,(anonymous_0)
DA:4,1
DA:5,4
DA:6,4
DA:8,4
DA:10,4
DA:11,1
DA:12,1
DA:15,4
DA:18,4
DA:22,4
DA:23,4
DA:30,4
DA:33,4
DA:39,4
DA:40,4
DA:42,4
DA:51,4
DA:53,0
DA:58,0
LF:19
LH:17
BRDA:10,0,0,1
BRDA:10,0,1,3
BRDA:18,1,0,0
BRDA:18,1,1,4
BRDA:18,2,0,4
BRDA:18,2,1,2
BRDA:22,3,0,4
BRDA:22,3,1,0
BRF:8
BRH:6
end_of_record
TN:
SF:/Users/jeremyplack/projects/OCI/rio/lambda-api/src/lib/envVarsChecker.js
FN:1,(anonymous_0)
FN:5,(anonymous_1)
FNF:2
FNH:2
FNDA:7,(anonymous_0)
FNDA:14,(anonymous_1)
DA:2,7
DA:3,7
DA:5,7
DA:6,14
DA:7,6
DA:11,7
LF:6
LH:6
BRDA:6,0,0,6
BRDA:6,0,1,8
BRF:2
BRH:2
end_of_record
